2025-03-19 13:11:00,139 - root - INFO - Added sensor Sensor-1 with address 60AAC426-059B-BBAA-23A3-4CBF4A9B886F
2025-03-19 13:11:00,140 - root - INFO - Added sensor Sensor-2 with address 6EB7BD49-C56C-C52A-BDD4-F516FC0D477E
2025-03-19 13:11:04,640 - root - INFO - Connection status: True
2025-03-19 13:11:04,641 - root - DEBUG - Service: 15173000-4947-11e9-8646-d663bd873d93
2025-03-19 13:11:04,641 - root - DEBUG -   Characteristic: 15173001-4947-11e9-8646-d663bd873d93, Properties: ['read', 'notify']
2025-03-19 13:11:04,641 - root - DEBUG - Service: 15174000-4947-11e9-8646-d663bd873d93
2025-03-19 13:11:04,641 - root - DEBUG -   Characteristic: 15174001-4947-11e9-8646-d663bd873d93, Properties: ['write-without-response', 'write']
2025-03-19 13:11:04,641 - root - DEBUG -   Characteristic: 15174002-4947-11e9-8646-d663bd873d93, Properties: ['write-without-response', 'write']
2025-03-19 13:11:04,641 - root - DEBUG -   Characteristic: 15174003-4947-11e9-8646-d663bd873d93, Properties: ['read', 'notify']
2025-03-19 13:11:04,641 - root - DEBUG - Service: 15172000-4947-11e9-8646-d663bd873d93
2025-03-19 13:11:04,641 - root - DEBUG -   Characteristic: 15172001-4947-11e9-8646-d663bd873d93, Properties: ['read', 'write']
2025-03-19 13:11:04,642 - root - DEBUG -   Characteristic: 15172002-4947-11e9-8646-d663bd873d93, Properties: ['notify']
2025-03-19 13:11:04,642 - root - DEBUG -   Characteristic: 15172003-4947-11e9-8646-d663bd873d93, Properties: ['notify']
2025-03-19 13:11:04,642 - root - DEBUG -   Characteristic: 15172004-4947-11e9-8646-d663bd873d93, Properties: ['notify']
2025-03-19 13:11:04,642 - root - DEBUG -   Characteristic: 15172005-4947-11e9-8646-d663bd873d93, Properties: ['write']
2025-03-19 13:11:04,642 - root - DEBUG -   Characteristic: 15172006-4947-11e9-8646-d663bd873d93, Properties: ['read', 'write']
2025-03-19 13:11:04,642 - root - DEBUG -   Characteristic: 15172007-4947-11e9-8646-d663bd873d93, Properties: ['read']
2025-03-19 13:11:04,642 - root - DEBUG -   Characteristic: 15172008-4947-11e9-8646-d663bd873d93, Properties: ['read']
2025-03-19 13:11:04,642 - root - DEBUG - Service: 15171000-4947-11e9-8646-d663bd873d93
2025-03-19 13:11:04,642 - root - DEBUG -   Characteristic: 15171001-4947-11e9-8646-d663bd873d93, Properties: ['read']
2025-03-19 13:11:04,642 - root - DEBUG -   Characteristic: 15171002-4947-11e9-8646-d663bd873d93, Properties: ['read', 'write']
2025-03-19 13:11:04,642 - root - DEBUG -   Characteristic: 15171004-4947-11e9-8646-d663bd873d93, Properties: ['notify']
2025-03-19 13:11:04,642 - root - DEBUG - Service: 15177000-4947-11e9-8646-d663bd873d93
2025-03-19 13:11:04,642 - root - DEBUG -   Characteristic: 15177001-4947-11e9-8646-d663bd873d93, Properties: ['write']
2025-03-19 13:11:04,642 - root - DEBUG -   Characteristic: 15177002-4947-11e9-8646-d663bd873d93, Properties: ['read']
2025-03-19 13:11:04,642 - root - DEBUG -   Characteristic: 15177003-4947-11e9-8646-d663bd873d93, Properties: ['notify']
2025-03-19 13:11:07,316 - root - INFO - Connection status: True
2025-03-19 13:11:07,318 - root - DEBUG - Service: 15173000-4947-11e9-8646-d663bd873d93
2025-03-19 13:11:07,318 - root - DEBUG -   Characteristic: 15173001-4947-11e9-8646-d663bd873d93, Properties: ['read', 'notify']
2025-03-19 13:11:07,319 - root - DEBUG - Service: 15174000-4947-11e9-8646-d663bd873d93
2025-03-19 13:11:07,319 - root - DEBUG -   Characteristic: 15174001-4947-11e9-8646-d663bd873d93, Properties: ['write-without-response', 'write']
2025-03-19 13:11:07,319 - root - DEBUG -   Characteristic: 15174002-4947-11e9-8646-d663bd873d93, Properties: ['write-without-response', 'write']
2025-03-19 13:11:07,319 - root - DEBUG -   Characteristic: 15174003-4947-11e9-8646-d663bd873d93, Properties: ['read', 'notify']
2025-03-19 13:11:07,319 - root - DEBUG - Service: 15172000-4947-11e9-8646-d663bd873d93
2025-03-19 13:11:07,319 - root - DEBUG -   Characteristic: 15172001-4947-11e9-8646-d663bd873d93, Properties: ['read', 'write']
2025-03-19 13:11:07,319 - root - DEBUG -   Characteristic: 15172002-4947-11e9-8646-d663bd873d93, Properties: ['notify']
2025-03-19 13:11:07,319 - root - DEBUG -   Characteristic: 15172003-4947-11e9-8646-d663bd873d93, Properties: ['notify']
2025-03-19 13:11:07,319 - root - DEBUG -   Characteristic: 15172004-4947-11e9-8646-d663bd873d93, Properties: ['notify']
2025-03-19 13:11:07,319 - root - DEBUG -   Characteristic: 15172005-4947-11e9-8646-d663bd873d93, Properties: ['write']
2025-03-19 13:11:07,319 - root - DEBUG -   Characteristic: 15172006-4947-11e9-8646-d663bd873d93, Properties: ['read', 'write']
2025-03-19 13:11:07,319 - root - DEBUG -   Characteristic: 15172007-4947-11e9-8646-d663bd873d93, Properties: ['read']
2025-03-19 13:11:07,319 - root - DEBUG -   Characteristic: 15172008-4947-11e9-8646-d663bd873d93, Properties: ['read']
2025-03-19 13:11:07,319 - root - DEBUG - Service: 15171000-4947-11e9-8646-d663bd873d93
2025-03-19 13:11:07,320 - root - DEBUG -   Characteristic: 15171001-4947-11e9-8646-d663bd873d93, Properties: ['read']
2025-03-19 13:11:07,320 - root - DEBUG -   Characteristic: 15171002-4947-11e9-8646-d663bd873d93, Properties: ['read', 'write']
2025-03-19 13:11:07,320 - root - DEBUG -   Characteristic: 15171004-4947-11e9-8646-d663bd873d93, Properties: ['notify']
2025-03-19 13:11:07,320 - root - DEBUG - Service: 15177000-4947-11e9-8646-d663bd873d93
2025-03-19 13:11:07,320 - root - DEBUG -   Characteristic: 15177001-4947-11e9-8646-d663bd873d93, Properties: ['write']
2025-03-19 13:11:07,320 - root - DEBUG -   Characteristic: 15177002-4947-11e9-8646-d663bd873d93, Properties: ['read']
2025-03-19 13:11:07,320 - root - DEBUG -   Characteristic: 15177003-4947-11e9-8646-d663bd873d93, Properties: ['notify']
2025-03-19 13:11:07,320 - root - INFO - Connected successfully to 60AAC426-059B-BBAA-23A3-4CBF4A9B886F
2025-03-19 13:11:07,320 - root - INFO - Connected successfully to 6EB7BD49-C56C-C52A-BDD4-F516FC0D477E
2025-03-19 13:11:07,320 - root - INFO - Streaming quaternion data for 10.0 seconds...
2025-03-19 13:11:07,909 - root - INFO - Successfully subscribed to long payload notifications
2025-03-19 13:11:07,916 - root - INFO - Successfully subscribed to long payload notifications
2025-03-19 13:11:08,058 - root - INFO - Set measurement mode to Custom Mode 5
2025-03-19 13:11:08,059 - root - INFO - Streaming motion data for 10.0 seconds...
2025-03-19 13:11:08,066 - root - INFO - Set measurement mode to Custom Mode 5
2025-03-19 13:11:08,066 - root - INFO - Streaming motion data for 10.0 seconds...
2025-03-19 13:11:08,119 - root - ERROR - Error processing custom mode data: property 'quaternion' of 'QuaternionData' object has no setter
2025-03-19 13:11:08,119 - root - ERROR - Error processing custom mode data: property 'quaternion' of 'QuaternionData' object has no setter
2025-03-19 13:11:08,126 - root - ERROR - Error processing custom mode data: property 'quaternion' of 'QuaternionData' object has no setter
2025-03-19 13:11:08,126 - root - ERROR - Error processing custom mode data: property 'quaternion' of 'QuaternionData' object has no setter
2025-03-19 13:11:08,150 - root - ERROR - Error processing custom mode data: property 'quaternion' of 'QuaternionData' object has no setter
2025-03-19 13:11:08,150 - root - ERROR - Error processing custom mode data: property 'quaternion' of 'QuaternionData' object has no setter
2025-03-19 13:11:08,157 - root - ERROR - Error processing custom mode data: property 'quaternion' of 'QuaternionData' object has no setter
2025-03-19 13:11:08,158 - root - ERROR - Error processing custom mode data: property 'quaternion' of 'QuaternionData' object has no setter
2025-03-19 13:11:08,178 - root - ERROR - Error processing custom mode data: property 'quaternion' of 'QuaternionData' object has no setter
2025-03-19 13:11:08,186 - root - ERROR - Error processing custom mode data: property 'quaternion' of 'QuaternionData' object has no setter
2025-03-19 13:11:08,208 - root - ERROR - Error processing custom mode data: property 'quaternion' of 'QuaternionData' object has no setter
2025-03-19 13:11:08,208 - root - ERROR - Error processing custom mode data: property 'quaternion' of 'QuaternionData' object has no setter
2025-03-19 13:11:08,216 - root - ERROR - Error processing custom mode data: property 'quaternion' of 'QuaternionData' object has no setter
2025-03-19 13:11:08,216 - root - ERROR - Error processing custom mode data: property 'quaternion' of 'QuaternionData' object has no setter
2025-03-19 13:11:08,238 - root - ERROR - Error processing custom mode data: property 'quaternion' of 'QuaternionData' object has no setter
2025-03-19 13:11:08,239 - root - ERROR - Error processing custom mode data: property 'quaternion' of 'QuaternionData' object has no setter
2025-03-19 13:11:08,246 - root - ERROR - Error processing custom mode data: property 'quaternion' of 'QuaternionData' object has no setter
2025-03-19 13:11:08,246 - root - ERROR - Error processing custom mode data: property 'quaternion' of 'QuaternionData' object has no setter
2025-03-19 13:11:08,275 - root - ERROR - Error processing custom mode data: property 'quaternion' of 'QuaternionData' object has no setter
2025-03-19 13:11:08,276 - root - ERROR - Error processing custom mode data: property 'quaternion' of 'QuaternionData' object has no setter
2025-03-19 13:11:08,299 - root - ERROR - Error processing custom mode data: property 'quaternion' of 'QuaternionData' object has no setter
2025-03-19 13:11:08,299 - root - ERROR - Error processing custom mode data: property 'quaternion' of 'QuaternionData' object has no setter
2025-03-19 13:11:08,300 - root - ERROR - Error processing custom mode data: property 'quaternion' of 'QuaternionData' object has no setter
2025-03-19 13:11:08,300 - root - ERROR - Error processing custom mode data: property 'quaternion' of 'QuaternionData' object has no setter
2025-03-19 13:11:08,306 - root - ERROR - Error processing custom mode data: property 'quaternion' of 'QuaternionData' object has no setter
2025-03-19 13:11:08,306 - root - ERROR - Error processing custom mode data: property 'quaternion' of 'QuaternionData' object has no setter
2025-03-19 13:11:08,328 - root - ERROR - Error processing custom mode data: property 'quaternion' of 'QuaternionData' object has no setter
2025-03-19 13:11:08,335 - root - ERROR - Error processing custom mode data: property 'quaternion' of 'QuaternionData' object has no setter
2025-03-19 13:11:08,358 - root - ERROR - Error processing custom mode data: property 'quaternion' of 'QuaternionData' object has no setter
2025-03-19 13:11:08,359 - root - ERROR - Error processing custom mode data: property 'quaternion' of 'QuaternionData' object has no setter
2025-03-19 13:11:08,366 - root - ERROR - Error processing custom mode data: property 'quaternion' of 'QuaternionData' object has no setter
2025-03-19 13:11:08,366 - root - ERROR - Error processing custom mode data: property 'quaternion' of 'QuaternionData' object has no setter
2025-03-19 13:11:08,388 - root - ERROR - Error processing custom mode data: property 'quaternion' of 'QuaternionData' object has no setter
2025-03-19 13:11:08,389 - root - ERROR - Error processing custom mode data: property 'quaternion' of 'QuaternionData' object has no setter
2025-03-19 13:11:08,396 - root - ERROR - Error processing custom mode data: property 'quaternion' of 'QuaternionData' object has no setter
2025-03-19 13:11:08,396 - root - ERROR - Error processing custom mode data: property 'quaternion' of 'QuaternionData' object has no setter
2025-03-19 13:11:08,418 - root - ERROR - Error processing custom mode data: property 'quaternion' of 'QuaternionData' object has no setter
2025-03-19 13:11:08,419 - root - ERROR - Error processing custom mode data: property 'quaternion' of 'QuaternionData' object has no setter
2025-03-19 13:11:08,426 - root - ERROR - Error processing custom mode data: property 'quaternion' of 'QuaternionData' object has no setter
2025-03-19 13:11:08,426 - root - ERROR - Error processing custom mode data: property 'quaternion' of 'QuaternionData' object has no setter
2025-03-19 13:11:08,448 - root - ERROR - Error processing custom mode data: property 'quaternion' of 'QuaternionData' object has no setter
2025-03-19 13:11:08,449 - root - ERROR - Error processing custom mode data: property 'quaternion' of 'QuaternionData' object has no setter
2025-03-19 13:11:08,456 - root - ERROR - Error processing custom mode data: property 'quaternion' of 'QuaternionData' object has no setter
2025-03-19 13:11:08,456 - root - ERROR - Error processing custom mode data: property 'quaternion' of 'QuaternionData' object has no setter
2025-03-19 13:11:08,478 - root - ERROR - Error processing custom mode data: property 'quaternion' of 'QuaternionData' object has no setter
2025-03-19 13:11:08,485 - root - ERROR - Error processing custom mode data: property 'quaternion' of 'QuaternionData' object has no setter
2025-03-19 13:11:08,508 - root - ERROR - Error processing custom mode data: property 'quaternion' of 'QuaternionData' object has no setter
2025-03-19 13:11:08,509 - root - ERROR - Error processing custom mode data: property 'quaternion' of 'QuaternionData' object has no setter
2025-03-19 13:11:08,516 - root - ERROR - Error processing custom mode data: property 'quaternion' of 'QuaternionData' object has no setter
2025-03-19 13:11:08,517 - root - ERROR - Error processing custom mode data: property 'quaternion' of 'QuaternionData' object has no setter
2025-03-19 13:11:08,539 - root - ERROR - Error processing custom mode data: property 'quaternion' of 'QuaternionData' object has no setter
2025-03-19 13:11:08,539 - root - ERROR - Error processing custom mode data: property 'quaternion' of 'QuaternionData' object has no setter
2025-03-19 13:11:08,546 - root - ERROR - Error processing custom mode data: property 'quaternion' of 'QuaternionData' object has no setter
2025-03-19 13:11:08,546 - root - ERROR - Error processing custom mode data: property 'quaternion' of 'QuaternionData' object has no setter
2025-03-19 13:11:08,568 - root - ERROR - Error processing custom mode data: property 'quaternion' of 'QuaternionData' object has no setter
2025-03-19 13:11:08,569 - root - ERROR - Error processing custom mode data: property 'quaternion' of 'QuaternionData' object has no setter
2025-03-19 13:11:08,576 - root - ERROR - Error processing custom mode data: property 'quaternion' of 'QuaternionData' object has no setter
2025-03-19 13:11:08,576 - root - ERROR - Error processing custom mode data: property 'quaternion' of 'QuaternionData' object has no setter
2025-03-19 13:11:08,598 - root - ERROR - Error processing custom mode data: property 'quaternion' of 'QuaternionData' object has no setter
2025-03-19 13:11:08,598 - root - ERROR - Error processing custom mode data: property 'quaternion' of 'QuaternionData' object has no setter
2025-03-19 13:11:08,606 - root - ERROR - Error processing custom mode data: property 'quaternion' of 'QuaternionData' object has no setter
2025-03-19 13:11:08,606 - root - ERROR - Error processing custom mode data: property 'quaternion' of 'QuaternionData' object has no setter
2025-03-19 13:11:08,628 - root - ERROR - Error processing custom mode data: property 'quaternion' of 'QuaternionData' object has no setter
2025-03-19 13:11:08,635 - root - ERROR - Error processing custom mode data: property 'quaternion' of 'QuaternionData' object has no setter
2025-03-19 13:11:08,659 - root - ERROR - Error processing custom mode data: property 'quaternion' of 'QuaternionData' object has no setter
2025-03-19 13:11:08,660 - root - ERROR - Error processing custom mode data: property 'quaternion' of 'QuaternionData' object has no setter
2025-03-19 13:11:08,666 - root - ERROR - Error processing custom mode data: property 'quaternion' of 'QuaternionData' object has no setter
2025-03-19 13:11:08,666 - root - ERROR - Error processing custom mode data: property 'quaternion' of 'QuaternionData' object has no setter
2025-03-19 13:11:08,688 - root - ERROR - Error processing custom mode data: property 'quaternion' of 'QuaternionData' object has no setter
2025-03-19 13:11:08,688 - root - ERROR - Error processing custom mode data: property 'quaternion' of 'QuaternionData' object has no setter
2025-03-19 13:11:08,696 - root - ERROR - Error processing custom mode data: property 'quaternion' of 'QuaternionData' object has no setter
2025-03-19 13:11:08,696 - root - ERROR - Error processing custom mode data: property 'quaternion' of 'QuaternionData' object has no setter
2025-03-19 13:11:08,718 - root - ERROR - Error processing custom mode data: property 'quaternion' of 'QuaternionData' object has no setter
2025-03-19 13:11:08,719 - root - ERROR - Error processing custom mode data: property 'quaternion' of 'QuaternionData' object has no setter
2025-03-19 13:11:08,726 - root - ERROR - Error processing custom mode data: property 'quaternion' of 'QuaternionData' object has no setter
2025-03-19 13:11:08,726 - root - ERROR - Error processing custom mode data: property 'quaternion' of 'QuaternionData' object has no setter
2025-03-19 13:11:08,749 - root - ERROR - Error processing custom mode data: property 'quaternion' of 'QuaternionData' object has no setter
2025-03-19 13:11:08,749 - root - ERROR - Error processing custom mode data: property 'quaternion' of 'QuaternionData' object has no setter
2025-03-19 13:11:08,756 - root - ERROR - Error processing custom mode data: property 'quaternion' of 'QuaternionData' object has no setter
2025-03-19 13:11:08,756 - root - ERROR - Error processing custom mode data: property 'quaternion' of 'QuaternionData' object has no setter
2025-03-19 13:11:08,779 - root - ERROR - Error processing custom mode data: property 'quaternion' of 'QuaternionData' object has no setter
2025-03-19 13:11:08,785 - root - ERROR - Error processing custom mode data: property 'quaternion' of 'QuaternionData' object has no setter
2025-03-19 13:11:08,809 - root - ERROR - Error processing custom mode data: property 'quaternion' of 'QuaternionData' object has no setter
2025-03-19 13:11:08,809 - root - ERROR - Error processing custom mode data: property 'quaternion' of 'QuaternionData' object has no setter
2025-03-19 13:11:08,816 - root - ERROR - Error processing custom mode data: property 'quaternion' of 'QuaternionData' object has no setter
2025-03-19 13:11:08,816 - root - ERROR - Error processing custom mode data: property 'quaternion' of 'QuaternionData' object has no setter
2025-03-19 13:11:08,838 - root - ERROR - Error processing custom mode data: property 'quaternion' of 'QuaternionData' object has no setter
2025-03-19 13:11:08,839 - root - ERROR - Error processing custom mode data: property 'quaternion' of 'QuaternionData' object has no setter
2025-03-19 13:11:08,846 - root - ERROR - Error processing custom mode data: property 'quaternion' of 'QuaternionData' object has no setter
2025-03-19 13:11:08,847 - root - ERROR - Error processing custom mode data: property 'quaternion' of 'QuaternionData' object has no setter
2025-03-19 13:11:08,869 - root - ERROR - Error processing custom mode data: property 'quaternion' of 'QuaternionData' object has no setter
2025-03-19 13:11:08,869 - root - ERROR - Error processing custom mode data: property 'quaternion' of 'QuaternionData' object has no setter
2025-03-19 13:11:08,876 - root - ERROR - Error processing custom mode data: property 'quaternion' of 'QuaternionData' object has no setter
2025-03-19 13:11:08,876 - root - ERROR - Error processing custom mode data: property 'quaternion' of 'QuaternionData' object has no setter
2025-03-19 13:11:08,899 - root - ERROR - Error processing custom mode data: property 'quaternion' of 'QuaternionData' object has no setter
2025-03-19 13:11:08,899 - root - ERROR - Error processing custom mode data: property 'quaternion' of 'QuaternionData' object has no setter
2025-03-19 13:11:08,906 - root - ERROR - Error processing custom mode data: property 'quaternion' of 'QuaternionData' object has no setter
2025-03-19 13:11:08,906 - root - ERROR - Error processing custom mode data: property 'quaternion' of 'QuaternionData' object has no setter
2025-03-19 13:11:08,928 - root - ERROR - Error processing custom mode data: property 'quaternion' of 'QuaternionData' object has no setter
2025-03-19 13:11:08,935 - root - ERROR - Error processing custom mode data: property 'quaternion' of 'QuaternionData' object has no setter
2025-03-19 13:11:08,958 - root - ERROR - Error processing custom mode data: property 'quaternion' of 'QuaternionData' object has no setter
2025-03-19 13:11:08,959 - root - ERROR - Error processing custom mode data: property 'quaternion' of 'QuaternionData' object has no setter
2025-03-19 13:11:08,966 - root - ERROR - Error processing custom mode data: property 'quaternion' of 'QuaternionData' object has no setter
2025-03-19 13:11:08,966 - root - ERROR - Error processing custom mode data: property 'quaternion' of 'QuaternionData' object has no setter
2025-03-19 13:11:08,988 - root - ERROR - Error processing custom mode data: property 'quaternion' of 'QuaternionData' object has no setter
2025-03-19 13:11:08,989 - root - ERROR - Error processing custom mode data: property 'quaternion' of 'QuaternionData' object has no setter
2025-03-19 13:11:08,996 - root - ERROR - Error processing custom mode data: property 'quaternion' of 'QuaternionData' object has no setter
2025-03-19 13:11:08,997 - root - ERROR - Error processing custom mode data: property 'quaternion' of 'QuaternionData' object has no setter
2025-03-19 13:11:09,019 - root - ERROR - Error processing custom mode data: property 'quaternion' of 'QuaternionData' object has no setter
2025-03-19 13:11:09,019 - root - ERROR - Error processing custom mode data: property 'quaternion' of 'QuaternionData' object has no setter
2025-03-19 13:11:09,026 - root - ERROR - Error processing custom mode data: property 'quaternion' of 'QuaternionData' object has no setter
2025-03-19 13:11:09,026 - root - ERROR - Error processing custom mode data: property 'quaternion' of 'QuaternionData' object has no setter
2025-03-19 13:11:09,049 - root - ERROR - Error processing custom mode data: property 'quaternion' of 'QuaternionData' object has no setter
2025-03-19 13:11:09,049 - root - ERROR - Error processing custom mode data: property 'quaternion' of 'QuaternionData' object has no setter
2025-03-19 13:11:09,056 - root - ERROR - Error processing custom mode data: property 'quaternion' of 'QuaternionData' object has no setter
2025-03-19 13:11:09,057 - root - ERROR - Error processing custom mode data: property 'quaternion' of 'QuaternionData' object has no setter
2025-03-19 13:11:09,079 - root - ERROR - Error processing custom mode data: property 'quaternion' of 'QuaternionData' object has no setter
2025-03-19 13:11:09,085 - root - ERROR - Error processing custom mode data: property 'quaternion' of 'QuaternionData' object has no setter
2025-03-19 13:11:09,108 - root - ERROR - Error processing custom mode data: property 'quaternion' of 'QuaternionData' object has no setter
2025-03-19 13:11:09,109 - root - ERROR - Error processing custom mode data: property 'quaternion' of 'QuaternionData' object has no setter
2025-03-19 13:11:09,116 - root - ERROR - Error processing custom mode data: property 'quaternion' of 'QuaternionData' object has no setter
2025-03-19 13:11:09,116 - root - ERROR - Error processing custom mode data: property 'quaternion' of 'QuaternionData' object has no setter
2025-03-19 13:11:09,139 - root - ERROR - Error processing custom mode data: property 'quaternion' of 'QuaternionData' object has no setter
2025-03-19 13:11:09,139 - root - ERROR - Error processing custom mode data: property 'quaternion' of 'QuaternionData' object has no setter
2025-03-19 13:11:09,146 - root - ERROR - Error processing custom mode data: property 'quaternion' of 'QuaternionData' object has no setter
2025-03-19 13:11:09,146 - root - ERROR - Error processing custom mode data: property 'quaternion' of 'QuaternionData' object has no setter
2025-03-19 13:11:09,168 - root - ERROR - Error processing custom mode data: property 'quaternion' of 'QuaternionData' object has no setter
2025-03-19 13:11:09,169 - root - ERROR - Error processing custom mode data: property 'quaternion' of 'QuaternionData' object has no setter
2025-03-19 13:11:09,176 - root - ERROR - Error processing custom mode data: property 'quaternion' of 'QuaternionData' object has no setter
2025-03-19 13:11:09,176 - root - ERROR - Error processing custom mode data: property 'quaternion' of 'QuaternionData' object has no setter
2025-03-19 13:11:09,198 - root - ERROR - Error processing custom mode data: property 'quaternion' of 'QuaternionData' object has no setter
2025-03-19 13:11:09,199 - root - ERROR - Error processing custom mode data: property 'quaternion' of 'QuaternionData' object has no setter
2025-03-19 13:11:09,206 - root - ERROR - Error processing custom mode data: property 'quaternion' of 'QuaternionData' object has no setter
2025-03-19 13:11:09,206 - root - ERROR - Error processing custom mode data: property 'quaternion' of 'QuaternionData' object has no setter
2025-03-19 13:11:09,228 - root - ERROR - Error processing custom mode data: property 'quaternion' of 'QuaternionData' object has no setter
2025-03-19 13:11:09,236 - root - ERROR - Error processing custom mode data: property 'quaternion' of 'QuaternionData' object has no setter
2025-03-19 13:11:09,259 - root - ERROR - Error processing custom mode data: property 'quaternion' of 'QuaternionData' object has no setter
2025-03-19 13:11:09,259 - root - ERROR - Error processing custom mode data: property 'quaternion' of 'QuaternionData' object has no setter
2025-03-19 13:11:09,266 - root - ERROR - Error processing custom mode data: property 'quaternion' of 'QuaternionData' object has no setter
2025-03-19 13:11:09,266 - root - ERROR - Error processing custom mode data: property 'quaternion' of 'QuaternionData' object has no setter
2025-03-19 13:11:09,288 - root - ERROR - Error processing custom mode data: property 'quaternion' of 'QuaternionData' object has no setter
2025-03-19 13:11:09,289 - root - ERROR - Error processing custom mode data: property 'quaternion' of 'QuaternionData' object has no setter
2025-03-19 13:11:09,296 - root - ERROR - Error processing custom mode data: property 'quaternion' of 'QuaternionData' object has no setter
2025-03-19 13:11:09,296 - root - ERROR - Error processing custom mode data: property 'quaternion' of 'QuaternionData' object has no setter
2025-03-19 13:11:09,319 - root - ERROR - Error processing custom mode data: property 'quaternion' of 'QuaternionData' object has no setter
2025-03-19 13:11:09,319 - root - ERROR - Error processing custom mode data: property 'quaternion' of 'QuaternionData' object has no setter
2025-03-19 13:11:09,326 - root - ERROR - Error processing custom mode data: property 'quaternion' of 'QuaternionData' object has no setter
2025-03-19 13:11:09,326 - root - ERROR - Error processing custom mode data: property 'quaternion' of 'QuaternionData' object has no setter
2025-03-19 13:11:09,349 - root - ERROR - Error processing custom mode data: property 'quaternion' of 'QuaternionData' object has no setter
2025-03-19 13:11:09,349 - root - ERROR - Error processing custom mode data: property 'quaternion' of 'QuaternionData' object has no setter
2025-03-19 13:11:09,356 - root - ERROR - Error processing custom mode data: property 'quaternion' of 'QuaternionData' object has no setter
2025-03-19 13:11:09,357 - root - ERROR - Error processing custom mode data: property 'quaternion' of 'QuaternionData' object has no setter
2025-03-19 13:11:09,379 - root - ERROR - Error processing custom mode data: property 'quaternion' of 'QuaternionData' object has no setter
2025-03-19 13:11:09,385 - root - ERROR - Error processing custom mode data: property 'quaternion' of 'QuaternionData' object has no setter
2025-03-19 13:11:09,408 - root - ERROR - Error processing custom mode data: property 'quaternion' of 'QuaternionData' object has no setter
2025-03-19 13:11:09,409 - root - ERROR - Error processing custom mode data: property 'quaternion' of 'QuaternionData' object has no setter
2025-03-19 13:11:09,416 - root - ERROR - Error processing custom mode data: property 'quaternion' of 'QuaternionData' object has no setter
2025-03-19 13:11:09,416 - root - ERROR - Error processing custom mode data: property 'quaternion' of 'QuaternionData' object has no setter
2025-03-19 13:11:09,438 - root - ERROR - Error processing custom mode data: property 'quaternion' of 'QuaternionData' object has no setter
2025-03-19 13:11:09,439 - root - ERROR - Error processing custom mode data: property 'quaternion' of 'QuaternionData' object has no setter
2025-03-19 13:11:09,446 - root - ERROR - Error processing custom mode data: property 'quaternion' of 'QuaternionData' object has no setter
2025-03-19 13:11:09,447 - root - ERROR - Error processing custom mode data: property 'quaternion' of 'QuaternionData' object has no setter
2025-03-19 13:11:09,469 - root - ERROR - Error processing custom mode data: property 'quaternion' of 'QuaternionData' object has no setter
2025-03-19 13:11:09,469 - root - ERROR - Error processing custom mode data: property 'quaternion' of 'QuaternionData' object has no setter
2025-03-19 13:11:09,476 - root - ERROR - Error processing custom mode data: property 'quaternion' of 'QuaternionData' object has no setter
2025-03-19 13:11:09,476 - root - ERROR - Error processing custom mode data: property 'quaternion' of 'QuaternionData' object has no setter
2025-03-19 13:11:09,498 - root - ERROR - Error processing custom mode data: property 'quaternion' of 'QuaternionData' object has no setter
2025-03-19 13:11:09,499 - root - ERROR - Error processing custom mode data: property 'quaternion' of 'QuaternionData' object has no setter
2025-03-19 13:11:09,506 - root - ERROR - Error processing custom mode data: property 'quaternion' of 'QuaternionData' object has no setter
2025-03-19 13:11:09,506 - root - ERROR - Error processing custom mode data: property 'quaternion' of 'QuaternionData' object has no setter
2025-03-19 13:11:09,536 - root - ERROR - Error processing custom mode data: property 'quaternion' of 'QuaternionData' object has no setter
2025-03-19 13:11:09,559 - root - ERROR - Error processing custom mode data: property 'quaternion' of 'QuaternionData' object has no setter
2025-03-19 13:11:09,559 - root - ERROR - Error processing custom mode data: property 'quaternion' of 'QuaternionData' object has no setter
2025-03-19 13:11:09,559 - root - ERROR - Error processing custom mode data: property 'quaternion' of 'QuaternionData' object has no setter
2025-03-19 13:11:09,567 - root - ERROR - Error processing custom mode data: property 'quaternion' of 'QuaternionData' object has no setter
2025-03-19 13:11:09,567 - root - ERROR - Error processing custom mode data: property 'quaternion' of 'QuaternionData' object has no setter
2025-03-19 13:11:09,591 - root - ERROR - Error processing custom mode data: property 'quaternion' of 'QuaternionData' object has no setter
2025-03-19 13:11:09,591 - root - ERROR - Error processing custom mode data: property 'quaternion' of 'QuaternionData' object has no setter
2025-03-19 13:11:09,599 - root - ERROR - Error processing custom mode data: property 'quaternion' of 'QuaternionData' object has no setter
2025-03-19 13:11:09,602 - root - ERROR - Error processing custom mode data: property 'quaternion' of 'QuaternionData' object has no setter
2025-03-19 13:11:09,621 - root - ERROR - Error processing custom mode data: property 'quaternion' of 'QuaternionData' object has no setter
2025-03-19 13:11:09,624 - root - ERROR - Error processing custom mode data: property 'quaternion' of 'QuaternionData' object has no setter
2025-03-19 13:11:09,629 - root - ERROR - Error processing custom mode data: property 'quaternion' of 'QuaternionData' object has no setter
2025-03-19 13:11:09,629 - root - ERROR - Error processing custom mode data: property 'quaternion' of 'QuaternionData' object has no setter
2025-03-19 13:11:09,649 - root - ERROR - Error processing custom mode data: property 'quaternion' of 'QuaternionData' object has no setter
2025-03-19 13:11:09,649 - root - ERROR - Error processing custom mode data: property 'quaternion' of 'QuaternionData' object has no setter
2025-03-19 13:11:09,656 - root - ERROR - Error processing custom mode data: property 'quaternion' of 'QuaternionData' object has no setter
2025-03-19 13:11:09,656 - root - ERROR - Error processing custom mode data: property 'quaternion' of 'QuaternionData' object has no setter
2025-03-19 13:11:09,679 - root - ERROR - Error processing custom mode data: property 'quaternion' of 'QuaternionData' object has no setter
2025-03-19 13:11:09,687 - root - ERROR - Error processing custom mode data: property 'quaternion' of 'QuaternionData' object has no setter
2025-03-19 13:11:09,708 - root - ERROR - Error processing custom mode data: property 'quaternion' of 'QuaternionData' object has no setter
2025-03-19 13:11:09,711 - root - ERROR - Error processing custom mode data: property 'quaternion' of 'QuaternionData' object has no setter
2025-03-19 13:11:09,716 - root - ERROR - Error processing custom mode data: property 'quaternion' of 'QuaternionData' object has no setter
2025-03-19 13:11:09,716 - root - ERROR - Error processing custom mode data: property 'quaternion' of 'QuaternionData' object has no setter
2025-03-19 13:11:09,739 - root - ERROR - Error processing custom mode data: property 'quaternion' of 'QuaternionData' object has no setter
2025-03-19 13:11:09,739 - root - ERROR - Error processing custom mode data: property 'quaternion' of 'QuaternionData' object has no setter
2025-03-19 13:11:09,747 - root - ERROR - Error processing custom mode data: property 'quaternion' of 'QuaternionData' object has no setter
2025-03-19 13:11:09,747 - root - ERROR - Error processing custom mode data: property 'quaternion' of 'QuaternionData' object has no setter
2025-03-19 13:11:09,768 - root - ERROR - Error processing custom mode data: property 'quaternion' of 'QuaternionData' object has no setter
2025-03-19 13:11:09,768 - root - ERROR - Error processing custom mode data: property 'quaternion' of 'QuaternionData' object has no setter
2025-03-19 13:11:09,776 - root - ERROR - Error processing custom mode data: property 'quaternion' of 'QuaternionData' object has no setter
2025-03-19 13:11:09,776 - root - ERROR - Error processing custom mode data: property 'quaternion' of 'QuaternionData' object has no setter
2025-03-19 13:11:09,798 - root - ERROR - Error processing custom mode data: property 'quaternion' of 'QuaternionData' object has no setter
2025-03-19 13:11:09,798 - root - ERROR - Error processing custom mode data: property 'quaternion' of 'QuaternionData' object has no setter
2025-03-19 13:11:09,806 - root - ERROR - Error processing custom mode data: property 'quaternion' of 'QuaternionData' object has no setter
2025-03-19 13:11:09,806 - root - ERROR - Error processing custom mode data: property 'quaternion' of 'QuaternionData' object has no setter
2025-03-19 13:11:09,828 - root - ERROR - Error processing custom mode data: property 'quaternion' of 'QuaternionData' object has no setter
2025-03-19 13:11:09,836 - root - ERROR - Error processing custom mode data: property 'quaternion' of 'QuaternionData' object has no setter
2025-03-19 13:11:09,858 - root - ERROR - Error processing custom mode data: property 'quaternion' of 'QuaternionData' object has no setter
2025-03-19 13:11:09,859 - root - ERROR - Error processing custom mode data: property 'quaternion' of 'QuaternionData' object has no setter
2025-03-19 13:11:09,866 - root - ERROR - Error processing custom mode data: property 'quaternion' of 'QuaternionData' object has no setter
2025-03-19 13:11:09,866 - root - ERROR - Error processing custom mode data: property 'quaternion' of 'QuaternionData' object has no setter
2025-03-19 13:11:09,888 - root - ERROR - Error processing custom mode data: property 'quaternion' of 'QuaternionData' object has no setter
2025-03-19 13:11:09,889 - root - ERROR - Error processing custom mode data: property 'quaternion' of 'QuaternionData' object has no setter
2025-03-19 13:11:09,896 - root - ERROR - Error processing custom mode data: property 'quaternion' of 'QuaternionData' object has no setter
2025-03-19 13:11:09,896 - root - ERROR - Error processing custom mode data: property 'quaternion' of 'QuaternionData' object has no setter
2025-03-19 13:11:09,919 - root - ERROR - Error processing custom mode data: property 'quaternion' of 'QuaternionData' object has no setter
2025-03-19 13:11:09,919 - root - ERROR - Error processing custom mode data: property 'quaternion' of 'QuaternionData' object has no setter
2025-03-19 13:11:09,926 - root - ERROR - Error processing custom mode data: property 'quaternion' of 'QuaternionData' object has no setter
2025-03-19 13:11:09,927 - root - ERROR - Error processing custom mode data: property 'quaternion' of 'QuaternionData' object has no setter
2025-03-19 13:11:09,949 - root - ERROR - Error processing custom mode data: property 'quaternion' of 'QuaternionData' object has no setter
2025-03-19 13:11:09,949 - root - ERROR - Error processing custom mode data: property 'quaternion' of 'QuaternionData' object has no setter
2025-03-19 13:11:09,957 - root - ERROR - Error processing custom mode data: property 'quaternion' of 'QuaternionData' object has no setter
2025-03-19 13:11:09,957 - root - ERROR - Error processing custom mode data: property 'quaternion' of 'QuaternionData' object has no setter
2025-03-19 13:11:09,978 - root - ERROR - Error processing custom mode data: property 'quaternion' of 'QuaternionData' object has no setter
2025-03-19 13:11:09,986 - root - ERROR - Error processing custom mode data: property 'quaternion' of 'QuaternionData' object has no setter
2025-03-19 13:11:10,010 - root - ERROR - Error processing custom mode data: property 'quaternion' of 'QuaternionData' object has no setter
2025-03-19 13:11:10,011 - root - ERROR - Error processing custom mode data: property 'quaternion' of 'QuaternionData' object has no setter
2025-03-19 13:11:10,016 - root - ERROR - Error processing custom mode data: property 'quaternion' of 'QuaternionData' object has no setter
2025-03-19 13:11:10,016 - root - ERROR - Error processing custom mode data: property 'quaternion' of 'QuaternionData' object has no setter
2025-03-19 13:11:10,039 - root - ERROR - Error processing custom mode data: property 'quaternion' of 'QuaternionData' object has no setter
2025-03-19 13:11:10,039 - root - ERROR - Error processing custom mode data: property 'quaternion' of 'QuaternionData' object has no setter
2025-03-19 13:11:10,046 - root - ERROR - Error processing custom mode data: property 'quaternion' of 'QuaternionData' object has no setter
2025-03-19 13:11:10,047 - root - ERROR - Error processing custom mode data: property 'quaternion' of 'QuaternionData' object has no setter
2025-03-19 13:11:10,069 - root - ERROR - Error processing custom mode data: property 'quaternion' of 'QuaternionData' object has no setter
2025-03-19 13:11:10,069 - root - ERROR - Error processing custom mode data: property 'quaternion' of 'QuaternionData' object has no setter
2025-03-19 13:11:10,078 - root - ERROR - Error processing custom mode data: property 'quaternion' of 'QuaternionData' object has no setter
2025-03-19 13:11:10,079 - root - ERROR - Error processing custom mode data: property 'quaternion' of 'QuaternionData' object has no setter
2025-03-19 13:11:10,099 - root - ERROR - Error processing custom mode data: property 'quaternion' of 'QuaternionData' object has no setter
2025-03-19 13:11:10,100 - root - ERROR - Error processing custom mode data: property 'quaternion' of 'QuaternionData' object has no setter
2025-03-19 13:11:10,108 - root - ERROR - Error processing custom mode data: property 'quaternion' of 'QuaternionData' object has no setter
2025-03-19 13:11:10,108 - root - ERROR - Error processing custom mode data: property 'quaternion' of 'QuaternionData' object has no setter
2025-03-19 13:11:10,130 - root - ERROR - Error processing custom mode data: property 'quaternion' of 'QuaternionData' object has no setter
2025-03-19 13:11:10,137 - root - ERROR - Error processing custom mode data: property 'quaternion' of 'QuaternionData' object has no setter
2025-03-19 13:11:10,159 - root - ERROR - Error processing custom mode data: property 'quaternion' of 'QuaternionData' object has no setter
2025-03-19 13:11:10,160 - root - ERROR - Error processing custom mode data: property 'quaternion' of 'QuaternionData' object has no setter
2025-03-19 13:11:10,167 - root - ERROR - Error processing custom mode data: property 'quaternion' of 'QuaternionData' object has no setter
2025-03-19 13:11:10,167 - root - ERROR - Error processing custom mode data: property 'quaternion' of 'QuaternionData' object has no setter
2025-03-19 13:11:10,190 - root - ERROR - Error processing custom mode data: property 'quaternion' of 'QuaternionData' object has no setter
2025-03-19 13:11:10,190 - root - ERROR - Error processing custom mode data: property 'quaternion' of 'QuaternionData' object has no setter
2025-03-19 13:11:10,197 - root - ERROR - Error processing custom mode data: property 'quaternion' of 'QuaternionData' object has no setter
2025-03-19 13:11:10,199 - root - ERROR - Error processing custom mode data: property 'quaternion' of 'QuaternionData' object has no setter
2025-03-19 13:11:10,220 - root - ERROR - Error processing custom mode data: property 'quaternion' of 'QuaternionData' object has no setter
2025-03-19 13:11:10,221 - root - ERROR - Error processing custom mode data: property 'quaternion' of 'QuaternionData' object has no setter
2025-03-19 13:11:10,228 - root - ERROR - Error processing custom mode data: property 'quaternion' of 'QuaternionData' object has no setter
2025-03-19 13:11:10,228 - root - ERROR - Error processing custom mode data: property 'quaternion' of 'QuaternionData' object has no setter
2025-03-19 13:11:10,249 - root - ERROR - Error processing custom mode data: property 'quaternion' of 'QuaternionData' object has no setter
2025-03-19 13:11:10,250 - root - ERROR - Error processing custom mode data: property 'quaternion' of 'QuaternionData' object has no setter
2025-03-19 13:11:10,257 - root - ERROR - Error processing custom mode data: property 'quaternion' of 'QuaternionData' object has no setter
2025-03-19 13:11:10,258 - root - ERROR - Error processing custom mode data: property 'quaternion' of 'QuaternionData' object has no setter
2025-03-19 13:11:10,280 - root - ERROR - Error processing custom mode data: property 'quaternion' of 'QuaternionData' object has no setter
2025-03-19 13:11:10,286 - root - ERROR - Error processing custom mode data: property 'quaternion' of 'QuaternionData' object has no setter
2025-03-19 13:11:10,309 - root - ERROR - Error processing custom mode data: property 'quaternion' of 'QuaternionData' object has no setter
2025-03-19 13:11:10,309 - root - ERROR - Error processing custom mode data: property 'quaternion' of 'QuaternionData' object has no setter
2025-03-19 13:11:10,316 - root - ERROR - Error processing custom mode data: property 'quaternion' of 'QuaternionData' object has no setter
2025-03-19 13:11:10,317 - root - ERROR - Error processing custom mode data: property 'quaternion' of 'QuaternionData' object has no setter
2025-03-19 13:11:10,339 - root - ERROR - Error processing custom mode data: property 'quaternion' of 'QuaternionData' object has no setter
2025-03-19 13:11:10,339 - root - ERROR - Error processing custom mode data: property 'quaternion' of 'QuaternionData' object has no setter
2025-03-19 13:11:10,346 - root - ERROR - Error processing custom mode data: property 'quaternion' of 'QuaternionData' object has no setter
2025-03-19 13:11:10,347 - root - ERROR - Error processing custom mode data: property 'quaternion' of 'QuaternionData' object has no setter
2025-03-19 13:11:10,369 - root - ERROR - Error processing custom mode data: property 'quaternion' of 'QuaternionData' object has no setter
2025-03-19 13:11:10,369 - root - ERROR - Error processing custom mode data: property 'quaternion' of 'QuaternionData' object has no setter
2025-03-19 13:11:10,376 - root - ERROR - Error processing custom mode data: property 'quaternion' of 'QuaternionData' object has no setter
2025-03-19 13:11:10,377 - root - ERROR - Error processing custom mode data: property 'quaternion' of 'QuaternionData' object has no setter
2025-03-19 13:11:10,398 - root - ERROR - Error processing custom mode data: property 'quaternion' of 'QuaternionData' object has no setter
2025-03-19 13:11:10,399 - root - ERROR - Error processing custom mode data: property 'quaternion' of 'QuaternionData' object has no setter
2025-03-19 13:11:10,406 - root - ERROR - Error processing custom mode data: property 'quaternion' of 'QuaternionData' object has no setter
2025-03-19 13:11:10,407 - root - ERROR - Error processing custom mode data: property 'quaternion' of 'QuaternionData' object has no setter
2025-03-19 13:11:10,429 - root - ERROR - Error processing custom mode data: property 'quaternion' of 'QuaternionData' object has no setter
2025-03-19 13:11:10,436 - root - ERROR - Error processing custom mode data: property 'quaternion' of 'QuaternionData' object has no setter
2025-03-19 13:11:10,459 - root - ERROR - Error processing custom mode data: property 'quaternion' of 'QuaternionData' object has no setter
2025-03-19 13:11:10,459 - root - ERROR - Error processing custom mode data: property 'quaternion' of 'QuaternionData' object has no setter
2025-03-19 13:11:10,466 - root - ERROR - Error processing custom mode data: property 'quaternion' of 'QuaternionData' object has no setter
2025-03-19 13:11:10,466 - root - ERROR - Error processing custom mode data: property 'quaternion' of 'QuaternionData' object has no setter
2025-03-19 13:11:10,489 - root - ERROR - Error processing custom mode data: property 'quaternion' of 'QuaternionData' object has no setter
2025-03-19 13:11:10,490 - root - ERROR - Error processing custom mode data: property 'quaternion' of 'QuaternionData' object has no setter
2025-03-19 13:11:10,498 - root - ERROR - Error processing custom mode data: property 'quaternion' of 'QuaternionData' object has no setter
2025-03-19 13:11:10,499 - root - ERROR - Error processing custom mode data: property 'quaternion' of 'QuaternionData' object has no setter
2025-03-19 13:11:10,519 - root - ERROR - Error processing custom mode data: property 'quaternion' of 'QuaternionData' object has no setter
2025-03-19 13:11:10,519 - root - ERROR - Error processing custom mode data: property 'quaternion' of 'QuaternionData' object has no setter
2025-03-19 13:11:10,526 - root - ERROR - Error processing custom mode data: property 'quaternion' of 'QuaternionData' object has no setter
2025-03-19 13:11:10,527 - root - ERROR - Error processing custom mode data: property 'quaternion' of 'QuaternionData' object has no setter
2025-03-19 13:11:10,549 - root - ERROR - Error processing custom mode data: property 'quaternion' of 'QuaternionData' object has no setter
2025-03-19 13:11:10,549 - root - ERROR - Error processing custom mode data: property 'quaternion' of 'QuaternionData' object has no setter
2025-03-19 13:11:10,557 - root - ERROR - Error processing custom mode data: property 'quaternion' of 'QuaternionData' object has no setter
2025-03-19 13:11:10,557 - root - ERROR - Error processing custom mode data: property 'quaternion' of 'QuaternionData' object has no setter
2025-03-19 13:11:10,579 - root - ERROR - Error processing custom mode data: property 'quaternion' of 'QuaternionData' object has no setter
2025-03-19 13:11:10,586 - root - ERROR - Error processing custom mode data: property 'quaternion' of 'QuaternionData' object has no setter
2025-03-19 13:11:10,608 - root - ERROR - Error processing custom mode data: property 'quaternion' of 'QuaternionData' object has no setter
2025-03-19 13:11:10,609 - root - ERROR - Error processing custom mode data: property 'quaternion' of 'QuaternionData' object has no setter
2025-03-19 13:11:10,616 - root - ERROR - Error processing custom mode data: property 'quaternion' of 'QuaternionData' object has no setter
2025-03-19 13:11:10,617 - root - ERROR - Error processing custom mode data: property 'quaternion' of 'QuaternionData' object has no setter
2025-03-19 13:11:10,640 - root - ERROR - Error processing custom mode data: property 'quaternion' of 'QuaternionData' object has no setter
2025-03-19 13:11:10,641 - root - ERROR - Error processing custom mode data: property 'quaternion' of 'QuaternionData' object has no setter
2025-03-19 13:11:10,648 - root - ERROR - Error processing custom mode data: property 'quaternion' of 'QuaternionData' object has no setter
2025-03-19 13:11:10,648 - root - ERROR - Error processing custom mode data: property 'quaternion' of 'QuaternionData' object has no setter
2025-03-19 13:11:10,669 - root - ERROR - Error processing custom mode data: property 'quaternion' of 'QuaternionData' object has no setter
2025-03-19 13:11:10,670 - root - ERROR - Error processing custom mode data: property 'quaternion' of 'QuaternionData' object has no setter
2025-03-19 13:11:10,677 - root - ERROR - Error processing custom mode data: property 'quaternion' of 'QuaternionData' object has no setter
2025-03-19 13:11:10,678 - root - ERROR - Error processing custom mode data: property 'quaternion' of 'QuaternionData' object has no setter
2025-03-19 13:11:10,699 - root - ERROR - Error processing custom mode data: property 'quaternion' of 'QuaternionData' object has no setter
2025-03-19 13:11:10,699 - root - ERROR - Error processing custom mode data: property 'quaternion' of 'QuaternionData' object has no setter
2025-03-19 13:11:10,707 - root - ERROR - Error processing custom mode data: property 'quaternion' of 'QuaternionData' object has no setter
2025-03-19 13:11:10,708 - root - ERROR - Error processing custom mode data: property 'quaternion' of 'QuaternionData' object has no setter
2025-03-19 13:11:10,730 - root - ERROR - Error processing custom mode data: property 'quaternion' of 'QuaternionData' object has no setter
2025-03-19 13:11:10,737 - root - ERROR - Error processing custom mode data: property 'quaternion' of 'QuaternionData' object has no setter
2025-03-19 13:11:10,760 - root - ERROR - Error processing custom mode data: property 'quaternion' of 'QuaternionData' object has no setter
2025-03-19 13:11:10,760 - root - ERROR - Error processing custom mode data: property 'quaternion' of 'QuaternionData' object has no setter
2025-03-19 13:11:10,767 - root - ERROR - Error processing custom mode data: property 'quaternion' of 'QuaternionData' object has no setter
2025-03-19 13:11:10,767 - root - ERROR - Error processing custom mode data: property 'quaternion' of 'QuaternionData' object has no setter
2025-03-19 13:11:10,790 - root - ERROR - Error processing custom mode data: property 'quaternion' of 'QuaternionData' object has no setter
2025-03-19 13:11:10,790 - root - ERROR - Error processing custom mode data: property 'quaternion' of 'QuaternionData' object has no setter
2025-03-19 13:11:10,797 - root - ERROR - Error processing custom mode data: property 'quaternion' of 'QuaternionData' object has no setter
2025-03-19 13:11:10,797 - root - ERROR - Error processing custom mode data: property 'quaternion' of 'QuaternionData' object has no setter
2025-03-19 13:11:10,818 - root - ERROR - Error processing custom mode data: property 'quaternion' of 'QuaternionData' object has no setter
2025-03-19 13:11:10,818 - root - ERROR - Error processing custom mode data: property 'quaternion' of 'QuaternionData' object has no setter
2025-03-19 13:11:10,826 - root - ERROR - Error processing custom mode data: property 'quaternion' of 'QuaternionData' object has no setter
2025-03-19 13:11:10,826 - root - ERROR - Error processing custom mode data: property 'quaternion' of 'QuaternionData' object has no setter
2025-03-19 13:11:10,849 - root - ERROR - Error processing custom mode data: property 'quaternion' of 'QuaternionData' object has no setter
2025-03-19 13:11:10,849 - root - ERROR - Error processing custom mode data: property 'quaternion' of 'QuaternionData' object has no setter
2025-03-19 13:11:10,856 - root - ERROR - Error processing custom mode data: property 'quaternion' of 'QuaternionData' object has no setter
2025-03-19 13:11:10,856 - root - ERROR - Error processing custom mode data: property 'quaternion' of 'QuaternionData' object has no setter
2025-03-19 13:11:10,878 - root - ERROR - Error processing custom mode data: property 'quaternion' of 'QuaternionData' object has no setter
2025-03-19 13:11:10,886 - root - ERROR - Error processing custom mode data: property 'quaternion' of 'QuaternionData' object has no setter
2025-03-19 13:11:10,908 - root - ERROR - Error processing custom mode data: property 'quaternion' of 'QuaternionData' object has no setter
2025-03-19 13:11:10,909 - root - ERROR - Error processing custom mode data: property 'quaternion' of 'QuaternionData' object has no setter
2025-03-19 13:11:10,916 - root - ERROR - Error processing custom mode data: property 'quaternion' of 'QuaternionData' object has no setter
2025-03-19 13:11:10,916 - root - ERROR - Error processing custom mode data: property 'quaternion' of 'QuaternionData' object has no setter
2025-03-19 13:11:10,939 - root - ERROR - Error processing custom mode data: property 'quaternion' of 'QuaternionData' object has no setter
2025-03-19 13:11:10,939 - root - ERROR - Error processing custom mode data: property 'quaternion' of 'QuaternionData' object has no setter
2025-03-19 13:11:10,946 - root - ERROR - Error processing custom mode data: property 'quaternion' of 'QuaternionData' object has no setter
2025-03-19 13:11:10,947 - root - ERROR - Error processing custom mode data: property 'quaternion' of 'QuaternionData' object has no setter
2025-03-19 13:11:10,969 - root - ERROR - Error processing custom mode data: property 'quaternion' of 'QuaternionData' object has no setter
2025-03-19 13:11:10,969 - root - ERROR - Error processing custom mode data: property 'quaternion' of 'QuaternionData' object has no setter
2025-03-19 13:11:10,976 - root - ERROR - Error processing custom mode data: property 'quaternion' of 'QuaternionData' object has no setter
2025-03-19 13:11:10,977 - root - ERROR - Error processing custom mode data: property 'quaternion' of 'QuaternionData' object has no setter
2025-03-19 13:11:10,998 - root - ERROR - Error processing custom mode data: property 'quaternion' of 'QuaternionData' object has no setter
2025-03-19 13:11:10,998 - root - ERROR - Error processing custom mode data: property 'quaternion' of 'QuaternionData' object has no setter
2025-03-19 13:11:11,006 - root - ERROR - Error processing custom mode data: property 'quaternion' of 'QuaternionData' object has no setter
2025-03-19 13:11:11,006 - root - ERROR - Error processing custom mode data: property 'quaternion' of 'QuaternionData' object has no setter
2025-03-19 13:11:11,028 - root - ERROR - Error processing custom mode data: property 'quaternion' of 'QuaternionData' object has no setter
2025-03-19 13:11:11,035 - root - ERROR - Error processing custom mode data: property 'quaternion' of 'QuaternionData' object has no setter
2025-03-19 13:11:11,059 - root - ERROR - Error processing custom mode data: property 'quaternion' of 'QuaternionData' object has no setter
2025-03-19 13:11:11,059 - root - ERROR - Error processing custom mode data: property 'quaternion' of 'QuaternionData' object has no setter
2025-03-19 13:11:11,066 - root - ERROR - Error processing custom mode data: property 'quaternion' of 'QuaternionData' object has no setter
2025-03-19 13:11:11,067 - root - ERROR - Error processing custom mode data: property 'quaternion' of 'QuaternionData' object has no setter
2025-03-19 13:11:11,090 - root - ERROR - Error processing custom mode data: property 'quaternion' of 'QuaternionData' object has no setter
2025-03-19 13:11:11,090 - root - ERROR - Error processing custom mode data: property 'quaternion' of 'QuaternionData' object has no setter
2025-03-19 13:11:11,098 - root - ERROR - Error processing custom mode data: property 'quaternion' of 'QuaternionData' object has no setter
2025-03-19 13:11:11,098 - root - ERROR - Error processing custom mode data: property 'quaternion' of 'QuaternionData' object has no setter
2025-03-19 13:11:11,122 - root - ERROR - Error processing custom mode data: property 'quaternion' of 'QuaternionData' object has no setter
2025-03-19 13:11:11,123 - root - ERROR - Error processing custom mode data: property 'quaternion' of 'QuaternionData' object has no setter
2025-03-19 13:11:11,126 - root - ERROR - Error processing custom mode data: property 'quaternion' of 'QuaternionData' object has no setter
2025-03-19 13:11:11,126 - root - ERROR - Error processing custom mode data: property 'quaternion' of 'QuaternionData' object has no setter
2025-03-19 13:11:11,150 - root - ERROR - Error processing custom mode data: property 'quaternion' of 'QuaternionData' object has no setter
2025-03-19 13:11:11,151 - root - ERROR - Error processing custom mode data: property 'quaternion' of 'QuaternionData' object has no setter
2025-03-19 13:11:11,156 - root - ERROR - Error processing custom mode data: property 'quaternion' of 'QuaternionData' object has no setter
2025-03-19 13:11:11,157 - root - ERROR - Error processing custom mode data: property 'quaternion' of 'QuaternionData' object has no setter
2025-03-19 13:11:11,180 - root - ERROR - Error processing custom mode data: property 'quaternion' of 'QuaternionData' object has no setter
2025-03-19 13:11:11,187 - root - ERROR - Error processing custom mode data: property 'quaternion' of 'QuaternionData' object has no setter
2025-03-19 13:11:11,210 - root - ERROR - Error processing custom mode data: property 'quaternion' of 'QuaternionData' object has no setter
2025-03-19 13:11:11,210 - root - ERROR - Error processing custom mode data: property 'quaternion' of 'QuaternionData' object has no setter
2025-03-19 13:11:11,216 - root - ERROR - Error processing custom mode data: property 'quaternion' of 'QuaternionData' object has no setter
2025-03-19 13:11:11,216 - root - ERROR - Error processing custom mode data: property 'quaternion' of 'QuaternionData' object has no setter
2025-03-19 13:11:11,239 - root - ERROR - Error processing custom mode data: property 'quaternion' of 'QuaternionData' object has no setter
2025-03-19 13:11:11,239 - root - ERROR - Error processing custom mode data: property 'quaternion' of 'QuaternionData' object has no setter
2025-03-19 13:11:11,247 - root - ERROR - Error processing custom mode data: property 'quaternion' of 'QuaternionData' object has no setter
2025-03-19 13:11:11,247 - root - ERROR - Error processing custom mode data: property 'quaternion' of 'QuaternionData' object has no setter
2025-03-19 13:11:11,268 - root - ERROR - Error processing custom mode data: property 'quaternion' of 'QuaternionData' object has no setter
2025-03-19 13:11:11,269 - root - ERROR - Error processing custom mode data: property 'quaternion' of 'QuaternionData' object has no setter
2025-03-19 13:11:11,276 - root - ERROR - Error processing custom mode data: property 'quaternion' of 'QuaternionData' object has no setter
2025-03-19 13:11:11,276 - root - ERROR - Error processing custom mode data: property 'quaternion' of 'QuaternionData' object has no setter
2025-03-19 13:11:11,298 - root - ERROR - Error processing custom mode data: property 'quaternion' of 'QuaternionData' object has no setter
2025-03-19 13:11:11,298 - root - ERROR - Error processing custom mode data: property 'quaternion' of 'QuaternionData' object has no setter
2025-03-19 13:11:11,307 - root - ERROR - Error processing custom mode data: property 'quaternion' of 'QuaternionData' object has no setter
2025-03-19 13:11:11,307 - root - ERROR - Error processing custom mode data: property 'quaternion' of 'QuaternionData' object has no setter
2025-03-19 13:11:11,330 - root - ERROR - Error processing custom mode data: property 'quaternion' of 'QuaternionData' object has no setter
2025-03-19 13:11:11,335 - root - ERROR - Error processing custom mode data: property 'quaternion' of 'QuaternionData' object has no setter
2025-03-19 13:11:11,359 - root - ERROR - Error processing custom mode data: property 'quaternion' of 'QuaternionData' object has no setter
2025-03-19 13:11:11,359 - root - ERROR - Error processing custom mode data: property 'quaternion' of 'QuaternionData' object has no setter
2025-03-19 13:11:11,366 - root - ERROR - Error processing custom mode data: property 'quaternion' of 'QuaternionData' object has no setter
2025-03-19 13:11:11,366 - root - ERROR - Error processing custom mode data: property 'quaternion' of 'QuaternionData' object has no setter
2025-03-19 13:11:11,389 - root - ERROR - Error processing custom mode data: property 'quaternion' of 'QuaternionData' object has no setter
2025-03-19 13:11:11,389 - root - ERROR - Error processing custom mode data: property 'quaternion' of 'QuaternionData' object has no setter
2025-03-19 13:11:11,397 - root - ERROR - Error processing custom mode data: property 'quaternion' of 'QuaternionData' object has no setter
2025-03-19 13:11:11,397 - root - ERROR - Error processing custom mode data: property 'quaternion' of 'QuaternionData' object has no setter
2025-03-19 13:11:11,419 - root - ERROR - Error processing custom mode data: property 'quaternion' of 'QuaternionData' object has no setter
2025-03-19 13:11:11,420 - root - ERROR - Error processing custom mode data: property 'quaternion' of 'QuaternionData' object has no setter
2025-03-19 13:11:11,426 - root - ERROR - Error processing custom mode data: property 'quaternion' of 'QuaternionData' object has no setter
2025-03-19 13:11:11,427 - root - ERROR - Error processing custom mode data: property 'quaternion' of 'QuaternionData' object has no setter
2025-03-19 13:11:11,450 - root - ERROR - Error processing custom mode data: property 'quaternion' of 'QuaternionData' object has no setter
2025-03-19 13:11:11,450 - root - ERROR - Error processing custom mode data: property 'quaternion' of 'QuaternionData' object has no setter
2025-03-19 13:11:11,457 - root - ERROR - Error processing custom mode data: property 'quaternion' of 'QuaternionData' object has no setter
2025-03-19 13:11:11,457 - root - ERROR - Error processing custom mode data: property 'quaternion' of 'QuaternionData' object has no setter
2025-03-19 13:11:11,478 - root - ERROR - Error processing custom mode data: property 'quaternion' of 'QuaternionData' object has no setter
2025-03-19 13:11:11,486 - root - ERROR - Error processing custom mode data: property 'quaternion' of 'QuaternionData' object has no setter
2025-03-19 13:11:11,509 - root - ERROR - Error processing custom mode data: property 'quaternion' of 'QuaternionData' object has no setter
2025-03-19 13:11:11,509 - root - ERROR - Error processing custom mode data: property 'quaternion' of 'QuaternionData' object has no setter
2025-03-19 13:11:11,516 - root - ERROR - Error processing custom mode data: property 'quaternion' of 'QuaternionData' object has no setter
2025-03-19 13:11:11,516 - root - ERROR - Error processing custom mode data: property 'quaternion' of 'QuaternionData' object has no setter
2025-03-19 13:11:11,539 - root - ERROR - Error processing custom mode data: property 'quaternion' of 'QuaternionData' object has no setter
2025-03-19 13:11:11,539 - root - ERROR - Error processing custom mode data: property 'quaternion' of 'QuaternionData' object has no setter
2025-03-19 13:11:11,548 - root - ERROR - Error processing custom mode data: property 'quaternion' of 'QuaternionData' object has no setter
2025-03-19 13:11:11,548 - root - ERROR - Error processing custom mode data: property 'quaternion' of 'QuaternionData' object has no setter
2025-03-19 13:11:11,569 - root - ERROR - Error processing custom mode data: property 'quaternion' of 'QuaternionData' object has no setter
2025-03-19 13:11:11,570 - root - ERROR - Error processing custom mode data: property 'quaternion' of 'QuaternionData' object has no setter
2025-03-19 13:11:11,576 - root - ERROR - Error processing custom mode data: property 'quaternion' of 'QuaternionData' object has no setter
2025-03-19 13:11:11,577 - root - ERROR - Error processing custom mode data: property 'quaternion' of 'QuaternionData' object has no setter
2025-03-19 13:11:11,599 - root - ERROR - Error processing custom mode data: property 'quaternion' of 'QuaternionData' object has no setter
2025-03-19 13:11:11,599 - root - ERROR - Error processing custom mode data: property 'quaternion' of 'QuaternionData' object has no setter
2025-03-19 13:11:11,606 - root - ERROR - Error processing custom mode data: property 'quaternion' of 'QuaternionData' object has no setter
2025-03-19 13:11:11,607 - root - ERROR - Error processing custom mode data: property 'quaternion' of 'QuaternionData' object has no setter
2025-03-19 13:11:11,629 - root - ERROR - Error processing custom mode data: property 'quaternion' of 'QuaternionData' object has no setter
2025-03-19 13:11:11,636 - root - ERROR - Error processing custom mode data: property 'quaternion' of 'QuaternionData' object has no setter
2025-03-19 13:11:11,659 - root - ERROR - Error processing custom mode data: property 'quaternion' of 'QuaternionData' object has no setter
2025-03-19 13:11:11,659 - root - ERROR - Error processing custom mode data: property 'quaternion' of 'QuaternionData' object has no setter
2025-03-19 13:11:11,667 - root - ERROR - Error processing custom mode data: property 'quaternion' of 'QuaternionData' object has no setter
2025-03-19 13:11:11,667 - root - ERROR - Error processing custom mode data: property 'quaternion' of 'QuaternionData' object has no setter
2025-03-19 13:11:11,688 - root - ERROR - Error processing custom mode data: property 'quaternion' of 'QuaternionData' object has no setter
2025-03-19 13:11:11,689 - root - ERROR - Error processing custom mode data: property 'quaternion' of 'QuaternionData' object has no setter
2025-03-19 13:11:11,696 - root - ERROR - Error processing custom mode data: property 'quaternion' of 'QuaternionData' object has no setter
2025-03-19 13:11:11,697 - root - ERROR - Error processing custom mode data: property 'quaternion' of 'QuaternionData' object has no setter
2025-03-19 13:11:11,719 - root - ERROR - Error processing custom mode data: property 'quaternion' of 'QuaternionData' object has no setter
2025-03-19 13:11:11,719 - root - ERROR - Error processing custom mode data: property 'quaternion' of 'QuaternionData' object has no setter
2025-03-19 13:11:11,726 - root - ERROR - Error processing custom mode data: property 'quaternion' of 'QuaternionData' object has no setter
2025-03-19 13:11:11,727 - root - ERROR - Error processing custom mode data: property 'quaternion' of 'QuaternionData' object has no setter
2025-03-19 13:11:11,749 - root - ERROR - Error processing custom mode data: property 'quaternion' of 'QuaternionData' object has no setter
2025-03-19 13:11:11,749 - root - ERROR - Error processing custom mode data: property 'quaternion' of 'QuaternionData' object has no setter
2025-03-19 13:11:11,757 - root - ERROR - Error processing custom mode data: property 'quaternion' of 'QuaternionData' object has no setter
2025-03-19 13:11:11,757 - root - ERROR - Error processing custom mode data: property 'quaternion' of 'QuaternionData' object has no setter
2025-03-19 13:11:11,779 - root - ERROR - Error processing custom mode data: property 'quaternion' of 'QuaternionData' object has no setter
2025-03-19 13:11:11,786 - root - ERROR - Error processing custom mode data: property 'quaternion' of 'QuaternionData' object has no setter
2025-03-19 13:11:11,809 - root - ERROR - Error processing custom mode data: property 'quaternion' of 'QuaternionData' object has no setter
2025-03-19 13:11:11,809 - root - ERROR - Error processing custom mode data: property 'quaternion' of 'QuaternionData' object has no setter
2025-03-19 13:11:11,816 - root - ERROR - Error processing custom mode data: property 'quaternion' of 'QuaternionData' object has no setter
2025-03-19 13:11:11,816 - root - ERROR - Error processing custom mode data: property 'quaternion' of 'QuaternionData' object has no setter
2025-03-19 13:11:11,839 - root - ERROR - Error processing custom mode data: property 'quaternion' of 'QuaternionData' object has no setter
2025-03-19 13:11:11,840 - root - ERROR - Error processing custom mode data: property 'quaternion' of 'QuaternionData' object has no setter
2025-03-19 13:11:11,846 - root - ERROR - Error processing custom mode data: property 'quaternion' of 'QuaternionData' object has no setter
2025-03-19 13:11:11,846 - root - ERROR - Error processing custom mode data: property 'quaternion' of 'QuaternionData' object has no setter
2025-03-19 13:11:11,878 - root - ERROR - Error processing custom mode data: property 'quaternion' of 'QuaternionData' object has no setter
2025-03-19 13:11:11,878 - root - ERROR - Error processing custom mode data: property 'quaternion' of 'QuaternionData' object has no setter
2025-03-19 13:11:11,878 - root - ERROR - Error processing custom mode data: property 'quaternion' of 'QuaternionData' object has no setter
2025-03-19 13:11:11,879 - root - ERROR - Error processing custom mode data: property 'quaternion' of 'QuaternionData' object has no setter
2025-03-19 13:11:11,901 - root - ERROR - Error processing custom mode data: property 'quaternion' of 'QuaternionData' object has no setter
2025-03-19 13:11:11,902 - root - ERROR - Error processing custom mode data: property 'quaternion' of 'QuaternionData' object has no setter
2025-03-19 13:11:11,906 - root - ERROR - Error processing custom mode data: property 'quaternion' of 'QuaternionData' object has no setter
2025-03-19 13:11:11,906 - root - ERROR - Error processing custom mode data: property 'quaternion' of 'QuaternionData' object has no setter
2025-03-19 13:11:11,928 - root - ERROR - Error processing custom mode data: property 'quaternion' of 'QuaternionData' object has no setter
2025-03-19 13:11:11,935 - root - ERROR - Error processing custom mode data: property 'quaternion' of 'QuaternionData' object has no setter
2025-03-19 13:11:11,958 - root - ERROR - Error processing custom mode data: property 'quaternion' of 'QuaternionData' object has no setter
2025-03-19 13:11:11,959 - root - ERROR - Error processing custom mode data: property 'quaternion' of 'QuaternionData' object has no setter
2025-03-19 13:11:11,966 - root - ERROR - Error processing custom mode data: property 'quaternion' of 'QuaternionData' object has no setter
2025-03-19 13:11:11,966 - root - ERROR - Error processing custom mode data: property 'quaternion' of 'QuaternionData' object has no setter
2025-03-19 13:11:11,988 - root - ERROR - Error processing custom mode data: property 'quaternion' of 'QuaternionData' object has no setter
2025-03-19 13:11:11,988 - root - ERROR - Error processing custom mode data: property 'quaternion' of 'QuaternionData' object has no setter
2025-03-19 13:11:11,996 - root - ERROR - Error processing custom mode data: property 'quaternion' of 'QuaternionData' object has no setter
2025-03-19 13:11:11,996 - root - ERROR - Error processing custom mode data: property 'quaternion' of 'QuaternionData' object has no setter
2025-03-19 13:11:12,018 - root - ERROR - Error processing custom mode data: property 'quaternion' of 'QuaternionData' object has no setter
2025-03-19 13:11:12,019 - root - ERROR - Error processing custom mode data: property 'quaternion' of 'QuaternionData' object has no setter
2025-03-19 13:11:12,026 - root - ERROR - Error processing custom mode data: property 'quaternion' of 'QuaternionData' object has no setter
2025-03-19 13:11:12,026 - root - ERROR - Error processing custom mode data: property 'quaternion' of 'QuaternionData' object has no setter
2025-03-19 13:11:12,049 - root - ERROR - Error processing custom mode data: property 'quaternion' of 'QuaternionData' object has no setter
2025-03-19 13:11:12,049 - root - ERROR - Error processing custom mode data: property 'quaternion' of 'QuaternionData' object has no setter
2025-03-19 13:11:12,057 - root - ERROR - Error processing custom mode data: property 'quaternion' of 'QuaternionData' object has no setter
2025-03-19 13:11:12,057 - root - ERROR - Error processing custom mode data: property 'quaternion' of 'QuaternionData' object has no setter
2025-03-19 13:11:12,078 - root - ERROR - Error processing custom mode data: property 'quaternion' of 'QuaternionData' object has no setter
2025-03-19 13:11:12,086 - root - ERROR - Error processing custom mode data: property 'quaternion' of 'QuaternionData' object has no setter
2025-03-19 13:11:12,108 - root - ERROR - Error processing custom mode data: property 'quaternion' of 'QuaternionData' object has no setter
2025-03-19 13:11:12,108 - root - ERROR - Error processing custom mode data: property 'quaternion' of 'QuaternionData' object has no setter
2025-03-19 13:11:12,116 - root - ERROR - Error processing custom mode data: property 'quaternion' of 'QuaternionData' object has no setter
2025-03-19 13:11:12,116 - root - ERROR - Error processing custom mode data: property 'quaternion' of 'QuaternionData' object has no setter
2025-03-19 13:11:12,139 - root - ERROR - Error processing custom mode data: property 'quaternion' of 'QuaternionData' object has no setter
2025-03-19 13:11:12,140 - root - ERROR - Error processing custom mode data: property 'quaternion' of 'QuaternionData' object has no setter
2025-03-19 13:11:12,147 - root - ERROR - Error processing custom mode data: property 'quaternion' of 'QuaternionData' object has no setter
2025-03-19 13:11:12,148 - root - ERROR - Error processing custom mode data: property 'quaternion' of 'QuaternionData' object has no setter
2025-03-19 13:11:12,169 - root - ERROR - Error processing custom mode data: property 'quaternion' of 'QuaternionData' object has no setter
2025-03-19 13:11:12,170 - root - ERROR - Error processing custom mode data: property 'quaternion' of 'QuaternionData' object has no setter
2025-03-19 13:11:12,176 - root - ERROR - Error processing custom mode data: property 'quaternion' of 'QuaternionData' object has no setter
2025-03-19 13:11:12,177 - root - ERROR - Error processing custom mode data: property 'quaternion' of 'QuaternionData' object has no setter
2025-03-19 13:11:12,200 - root - ERROR - Error processing custom mode data: property 'quaternion' of 'QuaternionData' object has no setter
2025-03-19 13:11:12,201 - root - ERROR - Error processing custom mode data: property 'quaternion' of 'QuaternionData' object has no setter
2025-03-19 13:11:12,207 - root - ERROR - Error processing custom mode data: property 'quaternion' of 'QuaternionData' object has no setter
2025-03-19 13:11:12,207 - root - ERROR - Error processing custom mode data: property 'quaternion' of 'QuaternionData' object has no setter
2025-03-19 13:11:12,229 - root - ERROR - Error processing custom mode data: property 'quaternion' of 'QuaternionData' object has no setter
2025-03-19 13:11:12,236 - root - ERROR - Error processing custom mode data: property 'quaternion' of 'QuaternionData' object has no setter
2025-03-19 13:11:12,259 - root - ERROR - Error processing custom mode data: property 'quaternion' of 'QuaternionData' object has no setter
2025-03-19 13:11:12,259 - root - ERROR - Error processing custom mode data: property 'quaternion' of 'QuaternionData' object has no setter
2025-03-19 13:11:12,266 - root - ERROR - Error processing custom mode data: property 'quaternion' of 'QuaternionData' object has no setter
2025-03-19 13:11:12,266 - root - ERROR - Error processing custom mode data: property 'quaternion' of 'QuaternionData' object has no setter
2025-03-19 13:11:12,289 - root - ERROR - Error processing custom mode data: property 'quaternion' of 'QuaternionData' object has no setter
2025-03-19 13:11:12,289 - root - ERROR - Error processing custom mode data: property 'quaternion' of 'QuaternionData' object has no setter
2025-03-19 13:11:12,296 - root - ERROR - Error processing custom mode data: property 'quaternion' of 'QuaternionData' object has no setter
2025-03-19 13:11:12,297 - root - ERROR - Error processing custom mode data: property 'quaternion' of 'QuaternionData' object has no setter
2025-03-19 13:11:12,319 - root - ERROR - Error processing custom mode data: property 'quaternion' of 'QuaternionData' object has no setter
2025-03-19 13:11:12,319 - root - ERROR - Error processing custom mode data: property 'quaternion' of 'QuaternionData' object has no setter
2025-03-19 13:11:12,326 - root - ERROR - Error processing custom mode data: property 'quaternion' of 'QuaternionData' object has no setter
2025-03-19 13:11:12,326 - root - ERROR - Error processing custom mode data: property 'quaternion' of 'QuaternionData' object has no setter
2025-03-19 13:11:12,350 - root - ERROR - Error processing custom mode data: property 'quaternion' of 'QuaternionData' object has no setter
2025-03-19 13:11:12,351 - root - ERROR - Error processing custom mode data: property 'quaternion' of 'QuaternionData' object has no setter
2025-03-19 13:11:12,357 - root - ERROR - Error processing custom mode data: property 'quaternion' of 'QuaternionData' object has no setter
2025-03-19 13:11:12,357 - root - ERROR - Error processing custom mode data: property 'quaternion' of 'QuaternionData' object has no setter
2025-03-19 13:11:12,379 - root - ERROR - Error processing custom mode data: property 'quaternion' of 'QuaternionData' object has no setter
2025-03-19 13:11:12,386 - root - ERROR - Error processing custom mode data: property 'quaternion' of 'QuaternionData' object has no setter
2025-03-19 13:11:12,409 - root - ERROR - Error processing custom mode data: property 'quaternion' of 'QuaternionData' object has no setter
2025-03-19 13:11:12,409 - root - ERROR - Error processing custom mode data: property 'quaternion' of 'QuaternionData' object has no setter
2025-03-19 13:11:12,416 - root - ERROR - Error processing custom mode data: property 'quaternion' of 'QuaternionData' object has no setter
2025-03-19 13:11:12,416 - root - ERROR - Error processing custom mode data: property 'quaternion' of 'QuaternionData' object has no setter
2025-03-19 13:11:12,439 - root - ERROR - Error processing custom mode data: property 'quaternion' of 'QuaternionData' object has no setter
2025-03-19 13:11:12,439 - root - ERROR - Error processing custom mode data: property 'quaternion' of 'QuaternionData' object has no setter
2025-03-19 13:11:12,468 - root - ERROR - Error processing custom mode data: property 'quaternion' of 'QuaternionData' object has no setter
2025-03-19 13:11:12,468 - root - ERROR - Error processing custom mode data: property 'quaternion' of 'QuaternionData' object has no setter
2025-03-19 13:11:12,476 - root - ERROR - Error processing custom mode data: property 'quaternion' of 'QuaternionData' object has no setter
2025-03-19 13:11:12,477 - root - ERROR - Error processing custom mode data: property 'quaternion' of 'QuaternionData' object has no setter
2025-03-19 13:11:12,477 - root - ERROR - Error processing custom mode data: property 'quaternion' of 'QuaternionData' object has no setter
2025-03-19 13:11:12,477 - root - ERROR - Error processing custom mode data: property 'quaternion' of 'QuaternionData' object has no setter
2025-03-19 13:11:12,499 - root - ERROR - Error processing custom mode data: property 'quaternion' of 'QuaternionData' object has no setter
2025-03-19 13:11:12,499 - root - ERROR - Error processing custom mode data: property 'quaternion' of 'QuaternionData' object has no setter
2025-03-19 13:11:12,506 - root - ERROR - Error processing custom mode data: property 'quaternion' of 'QuaternionData' object has no setter
2025-03-19 13:11:12,506 - root - ERROR - Error processing custom mode data: property 'quaternion' of 'QuaternionData' object has no setter
2025-03-19 13:11:12,529 - root - ERROR - Error processing custom mode data: property 'quaternion' of 'QuaternionData' object has no setter
2025-03-19 13:11:12,536 - root - ERROR - Error processing custom mode data: property 'quaternion' of 'QuaternionData' object has no setter
2025-03-19 13:11:12,559 - root - ERROR - Error processing custom mode data: property 'quaternion' of 'QuaternionData' object has no setter
2025-03-19 13:11:12,559 - root - ERROR - Error processing custom mode data: property 'quaternion' of 'QuaternionData' object has no setter
2025-03-19 13:11:12,566 - root - ERROR - Error processing custom mode data: property 'quaternion' of 'QuaternionData' object has no setter
2025-03-19 13:11:12,566 - root - ERROR - Error processing custom mode data: property 'quaternion' of 'QuaternionData' object has no setter
2025-03-19 13:11:12,589 - root - ERROR - Error processing custom mode data: property 'quaternion' of 'QuaternionData' object has no setter
2025-03-19 13:11:12,590 - root - ERROR - Error processing custom mode data: property 'quaternion' of 'QuaternionData' object has no setter
2025-03-19 13:11:12,597 - root - ERROR - Error processing custom mode data: property 'quaternion' of 'QuaternionData' object has no setter
2025-03-19 13:11:12,598 - root - ERROR - Error processing custom mode data: property 'quaternion' of 'QuaternionData' object has no setter
2025-03-19 13:11:12,619 - root - ERROR - Error processing custom mode data: property 'quaternion' of 'QuaternionData' object has no setter
2025-03-19 13:11:12,619 - root - ERROR - Error processing custom mode data: property 'quaternion' of 'QuaternionData' object has no setter
2025-03-19 13:11:12,626 - root - ERROR - Error processing custom mode data: property 'quaternion' of 'QuaternionData' object has no setter
2025-03-19 13:11:12,627 - root - ERROR - Error processing custom mode data: property 'quaternion' of 'QuaternionData' object has no setter
2025-03-19 13:11:12,649 - root - ERROR - Error processing custom mode data: property 'quaternion' of 'QuaternionData' object has no setter
2025-03-19 13:11:12,649 - root - ERROR - Error processing custom mode data: property 'quaternion' of 'QuaternionData' object has no setter
2025-03-19 13:11:12,656 - root - ERROR - Error processing custom mode data: property 'quaternion' of 'QuaternionData' object has no setter
2025-03-19 13:11:12,656 - root - ERROR - Error processing custom mode data: property 'quaternion' of 'QuaternionData' object has no setter
2025-03-19 13:11:12,678 - root - ERROR - Error processing custom mode data: property 'quaternion' of 'QuaternionData' object has no setter
2025-03-19 13:11:12,685 - root - ERROR - Error processing custom mode data: property 'quaternion' of 'QuaternionData' object has no setter
2025-03-19 13:11:12,708 - root - ERROR - Error processing custom mode data: property 'quaternion' of 'QuaternionData' object has no setter
2025-03-19 13:11:12,708 - root - ERROR - Error processing custom mode data: property 'quaternion' of 'QuaternionData' object has no setter
2025-03-19 13:11:12,716 - root - ERROR - Error processing custom mode data: property 'quaternion' of 'QuaternionData' object has no setter
2025-03-19 13:11:12,716 - root - ERROR - Error processing custom mode data: property 'quaternion' of 'QuaternionData' object has no setter
2025-03-19 13:11:12,738 - root - ERROR - Error processing custom mode data: property 'quaternion' of 'QuaternionData' object has no setter
2025-03-19 13:11:12,738 - root - ERROR - Error processing custom mode data: property 'quaternion' of 'QuaternionData' object has no setter
2025-03-19 13:11:12,745 - root - ERROR - Error processing custom mode data: property 'quaternion' of 'QuaternionData' object has no setter
2025-03-19 13:11:12,746 - root - ERROR - Error processing custom mode data: property 'quaternion' of 'QuaternionData' object has no setter
2025-03-19 13:11:12,768 - root - ERROR - Error processing custom mode data: property 'quaternion' of 'QuaternionData' object has no setter
2025-03-19 13:11:12,768 - root - ERROR - Error processing custom mode data: property 'quaternion' of 'QuaternionData' object has no setter
2025-03-19 13:11:12,776 - root - ERROR - Error processing custom mode data: property 'quaternion' of 'QuaternionData' object has no setter
2025-03-19 13:11:12,776 - root - ERROR - Error processing custom mode data: property 'quaternion' of 'QuaternionData' object has no setter
2025-03-19 13:11:12,798 - root - ERROR - Error processing custom mode data: property 'quaternion' of 'QuaternionData' object has no setter
2025-03-19 13:11:12,798 - root - ERROR - Error processing custom mode data: property 'quaternion' of 'QuaternionData' object has no setter
2025-03-19 13:11:12,827 - root - ERROR - Error processing custom mode data: property 'quaternion' of 'QuaternionData' object has no setter
2025-03-19 13:11:12,836 - root - ERROR - Error processing custom mode data: property 'quaternion' of 'QuaternionData' object has no setter
2025-03-19 13:11:12,836 - root - ERROR - Error processing custom mode data: property 'quaternion' of 'QuaternionData' object has no setter
2025-03-19 13:11:12,836 - root - ERROR - Error processing custom mode data: property 'quaternion' of 'QuaternionData' object has no setter
2025-03-19 13:11:12,858 - root - ERROR - Error processing custom mode data: property 'quaternion' of 'QuaternionData' object has no setter
2025-03-19 13:11:12,858 - root - ERROR - Error processing custom mode data: property 'quaternion' of 'QuaternionData' object has no setter
2025-03-19 13:11:12,866 - root - ERROR - Error processing custom mode data: property 'quaternion' of 'QuaternionData' object has no setter
2025-03-19 13:11:12,866 - root - ERROR - Error processing custom mode data: property 'quaternion' of 'QuaternionData' object has no setter
2025-03-19 13:11:12,888 - root - ERROR - Error processing custom mode data: property 'quaternion' of 'QuaternionData' object has no setter
2025-03-19 13:11:12,889 - root - ERROR - Error processing custom mode data: property 'quaternion' of 'QuaternionData' object has no setter
2025-03-19 13:11:12,896 - root - ERROR - Error processing custom mode data: property 'quaternion' of 'QuaternionData' object has no setter
2025-03-19 13:11:12,896 - root - ERROR - Error processing custom mode data: property 'quaternion' of 'QuaternionData' object has no setter
2025-03-19 13:11:12,919 - root - ERROR - Error processing custom mode data: property 'quaternion' of 'QuaternionData' object has no setter
2025-03-19 13:11:12,919 - root - ERROR - Error processing custom mode data: property 'quaternion' of 'QuaternionData' object has no setter
2025-03-19 13:11:12,926 - root - ERROR - Error processing custom mode data: property 'quaternion' of 'QuaternionData' object has no setter
2025-03-19 13:11:12,926 - root - ERROR - Error processing custom mode data: property 'quaternion' of 'QuaternionData' object has no setter
2025-03-19 13:11:12,949 - root - ERROR - Error processing custom mode data: property 'quaternion' of 'QuaternionData' object has no setter
2025-03-19 13:11:12,949 - root - ERROR - Error processing custom mode data: property 'quaternion' of 'QuaternionData' object has no setter
2025-03-19 13:11:12,956 - root - ERROR - Error processing custom mode data: property 'quaternion' of 'QuaternionData' object has no setter
2025-03-19 13:11:12,956 - root - ERROR - Error processing custom mode data: property 'quaternion' of 'QuaternionData' object has no setter
2025-03-19 13:11:12,978 - root - ERROR - Error processing custom mode data: property 'quaternion' of 'QuaternionData' object has no setter
2025-03-19 13:11:12,985 - root - ERROR - Error processing custom mode data: property 'quaternion' of 'QuaternionData' object has no setter
2025-03-19 13:11:13,008 - root - ERROR - Error processing custom mode data: property 'quaternion' of 'QuaternionData' object has no setter
2025-03-19 13:11:13,009 - root - ERROR - Error processing custom mode data: property 'quaternion' of 'QuaternionData' object has no setter
2025-03-19 13:11:13,016 - root - ERROR - Error processing custom mode data: property 'quaternion' of 'QuaternionData' object has no setter
2025-03-19 13:11:13,016 - root - ERROR - Error processing custom mode data: property 'quaternion' of 'QuaternionData' object has no setter
2025-03-19 13:11:13,039 - root - ERROR - Error processing custom mode data: property 'quaternion' of 'QuaternionData' object has no setter
2025-03-19 13:11:13,046 - root - ERROR - Error processing custom mode data: property 'quaternion' of 'QuaternionData' object has no setter
2025-03-19 13:11:13,047 - root - ERROR - Error processing custom mode data: property 'quaternion' of 'QuaternionData' object has no setter
2025-03-19 13:11:13,068 - root - ERROR - Error processing custom mode data: property 'quaternion' of 'QuaternionData' object has no setter
2025-03-19 13:11:13,068 - root - ERROR - Error processing custom mode data: property 'quaternion' of 'QuaternionData' object has no setter
2025-03-19 13:11:13,069 - root - ERROR - Error processing custom mode data: property 'quaternion' of 'QuaternionData' object has no setter
2025-03-19 13:11:13,076 - root - ERROR - Error processing custom mode data: property 'quaternion' of 'QuaternionData' object has no setter
2025-03-19 13:11:13,076 - root - ERROR - Error processing custom mode data: property 'quaternion' of 'QuaternionData' object has no setter
2025-03-19 13:11:13,098 - root - ERROR - Error processing custom mode data: property 'quaternion' of 'QuaternionData' object has no setter
2025-03-19 13:11:13,098 - root - ERROR - Error processing custom mode data: property 'quaternion' of 'QuaternionData' object has no setter
2025-03-19 13:11:13,106 - root - ERROR - Error processing custom mode data: property 'quaternion' of 'QuaternionData' object has no setter
2025-03-19 13:11:13,106 - root - ERROR - Error processing custom mode data: property 'quaternion' of 'QuaternionData' object has no setter
2025-03-19 13:11:13,128 - root - ERROR - Error processing custom mode data: property 'quaternion' of 'QuaternionData' object has no setter
2025-03-19 13:11:13,135 - root - ERROR - Error processing custom mode data: property 'quaternion' of 'QuaternionData' object has no setter
2025-03-19 13:11:13,158 - root - ERROR - Error processing custom mode data: property 'quaternion' of 'QuaternionData' object has no setter
2025-03-19 13:11:13,158 - root - ERROR - Error processing custom mode data: property 'quaternion' of 'QuaternionData' object has no setter
2025-03-19 13:11:13,166 - root - ERROR - Error processing custom mode data: property 'quaternion' of 'QuaternionData' object has no setter
2025-03-19 13:11:13,166 - root - ERROR - Error processing custom mode data: property 'quaternion' of 'QuaternionData' object has no setter
2025-03-19 13:11:13,188 - root - ERROR - Error processing custom mode data: property 'quaternion' of 'QuaternionData' object has no setter
2025-03-19 13:11:13,189 - root - ERROR - Error processing custom mode data: property 'quaternion' of 'QuaternionData' object has no setter
2025-03-19 13:11:13,196 - root - ERROR - Error processing custom mode data: property 'quaternion' of 'QuaternionData' object has no setter
2025-03-19 13:11:13,196 - root - ERROR - Error processing custom mode data: property 'quaternion' of 'QuaternionData' object has no setter
2025-03-19 13:11:13,218 - root - ERROR - Error processing custom mode data: property 'quaternion' of 'QuaternionData' object has no setter
2025-03-19 13:11:13,218 - root - ERROR - Error processing custom mode data: property 'quaternion' of 'QuaternionData' object has no setter
2025-03-19 13:11:13,226 - root - ERROR - Error processing custom mode data: property 'quaternion' of 'QuaternionData' object has no setter
2025-03-19 13:11:13,226 - root - ERROR - Error processing custom mode data: property 'quaternion' of 'QuaternionData' object has no setter
2025-03-19 13:11:13,248 - root - ERROR - Error processing custom mode data: property 'quaternion' of 'QuaternionData' object has no setter
2025-03-19 13:11:13,249 - root - ERROR - Error processing custom mode data: property 'quaternion' of 'QuaternionData' object has no setter
2025-03-19 13:11:13,256 - root - ERROR - Error processing custom mode data: property 'quaternion' of 'QuaternionData' object has no setter
2025-03-19 13:11:13,257 - root - ERROR - Error processing custom mode data: property 'quaternion' of 'QuaternionData' object has no setter
2025-03-19 13:11:13,278 - root - ERROR - Error processing custom mode data: property 'quaternion' of 'QuaternionData' object has no setter
2025-03-19 13:11:13,286 - root - ERROR - Error processing custom mode data: property 'quaternion' of 'QuaternionData' object has no setter
2025-03-19 13:11:13,309 - root - ERROR - Error processing custom mode data: property 'quaternion' of 'QuaternionData' object has no setter
2025-03-19 13:11:13,309 - root - ERROR - Error processing custom mode data: property 'quaternion' of 'QuaternionData' object has no setter
2025-03-19 13:11:13,316 - root - ERROR - Error processing custom mode data: property 'quaternion' of 'QuaternionData' object has no setter
2025-03-19 13:11:13,316 - root - ERROR - Error processing custom mode data: property 'quaternion' of 'QuaternionData' object has no setter
2025-03-19 13:11:13,339 - root - ERROR - Error processing custom mode data: property 'quaternion' of 'QuaternionData' object has no setter
2025-03-19 13:11:13,339 - root - ERROR - Error processing custom mode data: property 'quaternion' of 'QuaternionData' object has no setter
2025-03-19 13:11:13,346 - root - ERROR - Error processing custom mode data: property 'quaternion' of 'QuaternionData' object has no setter
2025-03-19 13:11:13,347 - root - ERROR - Error processing custom mode data: property 'quaternion' of 'QuaternionData' object has no setter
2025-03-19 13:11:13,369 - root - ERROR - Error processing custom mode data: property 'quaternion' of 'QuaternionData' object has no setter
2025-03-19 13:11:13,369 - root - ERROR - Error processing custom mode data: property 'quaternion' of 'QuaternionData' object has no setter
2025-03-19 13:11:13,376 - root - ERROR - Error processing custom mode data: property 'quaternion' of 'QuaternionData' object has no setter
2025-03-19 13:11:13,377 - root - ERROR - Error processing custom mode data: property 'quaternion' of 'QuaternionData' object has no setter
2025-03-19 13:11:13,399 - root - ERROR - Error processing custom mode data: property 'quaternion' of 'QuaternionData' object has no setter
2025-03-19 13:11:13,399 - root - ERROR - Error processing custom mode data: property 'quaternion' of 'QuaternionData' object has no setter
2025-03-19 13:11:13,406 - root - ERROR - Error processing custom mode data: property 'quaternion' of 'QuaternionData' object has no setter
2025-03-19 13:11:13,406 - root - ERROR - Error processing custom mode data: property 'quaternion' of 'QuaternionData' object has no setter
2025-03-19 13:11:13,429 - root - ERROR - Error processing custom mode data: property 'quaternion' of 'QuaternionData' object has no setter
2025-03-19 13:11:13,436 - root - ERROR - Error processing custom mode data: property 'quaternion' of 'QuaternionData' object has no setter
2025-03-19 13:11:13,458 - root - ERROR - Error processing custom mode data: property 'quaternion' of 'QuaternionData' object has no setter
2025-03-19 13:11:13,459 - root - ERROR - Error processing custom mode data: property 'quaternion' of 'QuaternionData' object has no setter
2025-03-19 13:11:13,466 - root - ERROR - Error processing custom mode data: property 'quaternion' of 'QuaternionData' object has no setter
2025-03-19 13:11:13,466 - root - ERROR - Error processing custom mode data: property 'quaternion' of 'QuaternionData' object has no setter
2025-03-19 13:11:13,489 - root - ERROR - Error processing custom mode data: property 'quaternion' of 'QuaternionData' object has no setter
2025-03-19 13:11:13,489 - root - ERROR - Error processing custom mode data: property 'quaternion' of 'QuaternionData' object has no setter
2025-03-19 13:11:13,518 - root - ERROR - Error processing custom mode data: property 'quaternion' of 'QuaternionData' object has no setter
2025-03-19 13:11:13,518 - root - ERROR - Error processing custom mode data: property 'quaternion' of 'QuaternionData' object has no setter
2025-03-19 13:11:13,526 - root - ERROR - Error processing custom mode data: property 'quaternion' of 'QuaternionData' object has no setter
2025-03-19 13:11:13,527 - root - ERROR - Error processing custom mode data: property 'quaternion' of 'QuaternionData' object has no setter
2025-03-19 13:11:13,527 - root - ERROR - Error processing custom mode data: property 'quaternion' of 'QuaternionData' object has no setter
2025-03-19 13:11:13,527 - root - ERROR - Error processing custom mode data: property 'quaternion' of 'QuaternionData' object has no setter
2025-03-19 13:11:13,549 - root - ERROR - Error processing custom mode data: property 'quaternion' of 'QuaternionData' object has no setter
2025-03-19 13:11:13,549 - root - ERROR - Error processing custom mode data: property 'quaternion' of 'QuaternionData' object has no setter
2025-03-19 13:11:13,556 - root - ERROR - Error processing custom mode data: property 'quaternion' of 'QuaternionData' object has no setter
2025-03-19 13:11:13,557 - root - ERROR - Error processing custom mode data: property 'quaternion' of 'QuaternionData' object has no setter
2025-03-19 13:11:13,578 - root - ERROR - Error processing custom mode data: property 'quaternion' of 'QuaternionData' object has no setter
2025-03-19 13:11:13,589 - root - INFO - Disconnected from all sensors
